<?xml version="1.0" encoding="UTF-8"?>
<testsuite name="ProtectedAnimalTest" tests="5" skipped="0" failures="0" errors="0" timestamp="2017-03-03T13:55:58" hostname="vagabondPC" time="1.749">
  <properties/>
  <testcase name="getName_animalInstantiatesWithName_Chicken" classname="ProtectedAnimalTest" time="0.614"/>
  <testcase name="save_insertsObjectIntoDatabase_ProtectedAnimal" classname="ProtectedAnimalTest" time="0.995"/>
  <testcase name="equals_returnsTrueIfNameAreSame_true" classname="ProtectedAnimalTest" time="0.016"/>
  <testcase name="all_returnsAllInstancesOfPerson_true" classname="ProtectedAnimalTest" time="0.103"/>
  <testcase name="animal_instantiatesCorrectly_true" classname="ProtectedAnimalTest" time="0.017"/>
  <system-out><![CDATA[]]></system-out>
  <system-err><![CDATA[SLF4J: Failed to load class "org.slf4j.impl.StaticLoggerBinder".
SLF4J: Defaulting to no-operation (NOP) logger implementation
SLF4J: See http://www.slf4j.org/codes.html#StaticLoggerBinder for further details.
]]></system-err>
</testsuite>
