<?xml version="1.0" encoding="UTF-8"?>
<testsuite name="AnimalTest" tests="6" skipped="0" failures="0" errors="0" timestamp="2017-03-03T12:05:09" hostname="vagabondPC" time="0.665">
  <properties/>
  <testcase name="getName_animalInstantiatesWithName_Chicken" classname="AnimalTest" time="0.258"/>
  <testcase name="save_insertsObjectIntoDatabase_Animal" classname="AnimalTest" time="0.181"/>
  <testcase name="equals_returnsTrueIfNameAreSame_true" classname="AnimalTest" time="0.017"/>
  <testcase name="all_returnsAllInstancesOfPerson_true" classname="AnimalTest" time="0.112"/>
  <testcase name="animal_instantiatesCorrectly_true" classname="AnimalTest" time="0.016"/>
  <testcase name="save_assignsIdToObject" classname="AnimalTest" time="0.066"/>
  <system-out><![CDATA[]]></system-out>
  <system-err><![CDATA[SLF4J: Failed to load class "org.slf4j.impl.StaticLoggerBinder".
SLF4J: Defaulting to no-operation (NOP) logger implementation
SLF4J: See http://www.slf4j.org/codes.html#StaticLoggerBinder for further details.
]]></system-err>
</testsuite>
